🔌 Connecting to MongoDB...
Using connection string: mongodb+srv://nitin:ronin03***@cluster0.mju5kao.mongodb.net/bgmi-tournaments?retryWrites=true&w=majority
🔌 Connecting to MongoDB...
Using connection string: mongodb+srv://nitin:ronin03***@cluster0.mju5kao.mongodb.net/bgmi-tournaments?retryWrites=true&w=majority
✅ Successfully connected to MongoDB
📚 Available collections: [
  'wallets',
  'registrations',
  'profiles',
  'users',
  'payments',
  'otps',
  'tournaments'
]
Database connection established
Server error: Error: listen EADDRINUSE: address already in use 0.0.0.0:5000
    at Server.setupListenHandle [as _listen2] (node:net:1937:16)
    at listenInCluster (node:net:1994:12)
    at node:net:2203:7
    at process.processTicksAndRejections (node:internal/process/task_queues:90:21) {
  code: 'EADDRINUSE',
  errno: -48,
  syscall: 'listen',
  address: '0.0.0.0',
  port: 5000
}
